Using pre-set license
Built from '2020.3/staging' branch; Version is '2020.3.19f1 (68f137dc9bbe) revision 6877495'; Using compiler version '192528614'; Build Type 'Release'
OS: 'Windows 10 Home Single Language; OS build 19044.2006; Version 2009; 64bit' Language: 'ru' Physical Memory: 15741 MB
BatchMode: 1, IsHumanControllingUs: 0, StartBugReporterOnCrash: 0, Is64bit: 1, IsPro: 0

COMMAND LINE ARGUMENTS:
C:\Program Files\Unity\Hub\Editor\2020.3.19f1\Editor\Unity.exe
-adb2
-batchMode
-noUpm
-name
AssetImportWorker0
-projectPath
D:/Unity Projects/BobbleheadWars
-logFile
Logs/AssetImportWorker0.log
-srvPort
54006
Successfully changed project path to: D:/Unity Projects/BobbleheadWars
D:/Unity Projects/BobbleheadWars
Using Asset Import Pipeline V2.
Refreshing native plugins compatible for Editor in 51.08 ms, found 2 plugins.
Preloading 0 native plugins for Editor in 0.00 ms.
Initialize engine version: 2020.3.19f1 (68f137dc9bbe)
[Subsystems] Discovering subsystems at path C:/Program Files/Unity/Hub/Editor/2020.3.19f1/Editor/Data/Resources/UnitySubsystems
[Subsystems] Discovering subsystems at path D:/Unity Projects/BobbleheadWars/Assets
GfxDevice: creating device client; threaded=0
Direct3D:
    Version:  Direct3D 11.0 [level 11.1]
    Renderer: AMD Radeon(TM) Graphics (ID=0x1636)
    Vendor:   
    VRAM:     7870 MB
    Driver:   27.20.11022.14001
Initialize mono
Mono path[0] = 'C:/Program Files/Unity/Hub/Editor/2020.3.19f1/Editor/Data/Managed'
Mono path[1] = 'C:/Program Files/Unity/Hub/Editor/2020.3.19f1/Editor/Data/MonoBleedingEdge/lib/mono/unityjit'
Mono config path = 'C:/Program Files/Unity/Hub/Editor/2020.3.19f1/Editor/Data/MonoBleedingEdge/etc'
Using monoOptions --debugger-agent=transport=dt_socket,embedding=1,server=y,suspend=n,address=127.0.0.1:56152
Begin MonoManager ReloadAssembly
Registering precompiled unity dll's ...
Register platform support module: C:/Program Files/Unity/Hub/Editor/2020.3.19f1/Editor/Data/PlaybackEngines/WebGLSupport/UnityEditor.WebGL.Extensions.dll
Register platform support module: C:/Program Files/Unity/Hub/Editor/2020.3.19f1/Editor/Data/PlaybackEngines/WindowsStandaloneSupport/UnityEditor.WindowsStandalone.Extensions.dll
Registered in 0.004415 seconds.
Native extension for WindowsStandalone target not found
Native extension for WebGL target not found
Refreshing native plugins compatible for Editor in 45.64 ms, found 2 plugins.
Preloading 0 native plugins for Editor in 0.00 ms.
Mono: successfully reloaded assembly
- Completed reload, in  2.041 seconds
Domain Reload Profiling:
	ReloadAssembly (2042ms)
		BeginReloadAssembly (79ms)
			ExecutionOrderSort (0ms)
			DisableScriptedObjects (0ms)
			BackupInstance (0ms)
			ReleaseScriptingObjects (0ms)
			CreateAndSetChildDomain (1ms)
		EndReloadAssembly (754ms)
			LoadAssemblies (76ms)
			RebuildTransferFunctionScriptingTraits (0ms)
			SetupTypeCache (238ms)
			ReleaseScriptCaches (0ms)
			RebuildScriptCaches (61ms)
			SetupLoadedEditorAssemblies (282ms)
				LogAssemblyErrors (0ms)
				InitializePlatformSupportModulesInManaged (8ms)
				SetLoadedEditorAssemblies (0ms)
				RefreshPlugins (46ms)
				BeforeProcessingInitializeOnLoad (24ms)
				ProcessInitializeOnLoadAttributes (150ms)
				ProcessInitializeOnLoadMethodAttributes (53ms)
				AfterProcessingInitializeOnLoad (0ms)
				EditorAssembliesLoaded (1ms)
			ExecutionOrderSort2 (0ms)
			AwakeInstancesAfterBackupRestoration (0ms)
Platform modules already initialized, skipping
Registering precompiled user dll's ...
Registered in 0.004768 seconds.
Begin MonoManager ReloadAssembly
Native extension for WindowsStandalone target not found
Native extension for WebGL target not found
Refreshing native plugins compatible for Editor in 0.52 ms, found 2 plugins.
Preloading 0 native plugins for Editor in 0.00 ms.
Mono: successfully reloaded assembly
- Completed reload, in  1.791 seconds
Domain Reload Profiling:
	ReloadAssembly (1792ms)
		BeginReloadAssembly (246ms)
			ExecutionOrderSort (0ms)
			DisableScriptedObjects (14ms)
			BackupInstance (0ms)
			ReleaseScriptingObjects (0ms)
			CreateAndSetChildDomain (24ms)
		EndReloadAssembly (1425ms)
			LoadAssemblies (136ms)
			RebuildTransferFunctionScriptingTraits (0ms)
			SetupTypeCache (460ms)
			ReleaseScriptCaches (1ms)
			RebuildScriptCaches (70ms)
			SetupLoadedEditorAssemblies (600ms)
				LogAssemblyErrors (0ms)
				InitializePlatformSupportModulesInManaged (11ms)
				SetLoadedEditorAssemblies (1ms)
				RefreshPlugins (1ms)
				BeforeProcessingInitializeOnLoad (117ms)
				ProcessInitializeOnLoadAttributes (454ms)
				ProcessInitializeOnLoadMethodAttributes (5ms)
				AfterProcessingInitializeOnLoad (10ms)
				EditorAssembliesLoaded (0ms)
			ExecutionOrderSort2 (0ms)
			AwakeInstancesAfterBackupRestoration (9ms)
Platform modules already initialized, skipping
========================================================================
Worker process is ready to serve import requests
Launched and connected shader compiler UnityShaderCompiler.exe after 0.08 seconds
Refreshing native plugins compatible for Editor in 0.43 ms, found 2 plugins.
Preloading 0 native plugins for Editor in 0.00 ms.
Unloading 1399 Unused Serialized files (Serialized files now loaded: 0)
System memory in use before: 65.0 MB.
System memory in use after: 65.1 MB.

Unloading 16 unused Assets to reduce memory usage. Loaded Objects now: 1835.
Total: 4.819400 ms (FindLiveObjects: 0.247400 ms CreateObjectMapping: 0.081800 ms MarkObjects: 4.389200 ms  DeleteObjects: 0.098600 ms)

AssetImportParameters requested are different than current active one (requested -> active):
  custom:framework-win-MediaFoundation: 216162199b28c13a410421893ffa2e32 -> 
  custom:video-decoder-ogg-theora: a1e56fd34408186e4bbccfd4996cb3dc -> 
  custom:container-muxer-webm: aa71ff27fc2769a1b78a27578f13a17b -> 
  custom:container-demuxer-webm: 4f35f7cbe854078d1ac9338744f61a02 -> 
  custom:container-demuxer-ogg: 62fdf1f143b41e24485cea50d1cbac27 -> 
  custom:video-encoder-webm-vp8: eb34c28f22e8b96e1ab97ce403110664 -> 
  custom:video-codec-MediaFoundation-h265: 746d11721c4dcdbdad8f713fa42b33f4 -> 
  custom:video-decoder-webm-vp8: 9c59270c3fd7afecdb556c50c9e8de78 -> 
  custom:audio-decoder-ogg-vorbis: bf7c407c2cedff20999df2af8eb42d56 -> 
  custom:audio-encoder-webm-vorbis: bf7c407c2cedff20999df2af8eb42d56 -> 
========================================================================
Received Import Request.
  path: Assets/Models/BobbleArena.blend
  artifactKey: Guid(7f78b096b427d419f9918e4ae4fc4aec) Importer(815301076,1909f56bfc062723c751e8b465ee728b)
Start importing Assets/Models/BobbleArena.blend using Guid(7f78b096b427d419f9918e4ae4fc4aec) Importer(815301076,1909f56bfc062723c751e8b465ee728b)  -> (artifact id: 'e9fdc653643938e6ede86b3ece81c682') in 0.618193 seconds 
  Import took 0.622686 seconds .

========================================================================
Received Import Request.
  Time since last request: 0.000517 seconds.
  path: Assets/Models/BobbleEnemy-Body.blend
  artifactKey: Guid(7df968ec880694920bcb46964b9d62a4) Importer(815301076,1909f56bfc062723c751e8b465ee728b)
Start importing Assets/Models/BobbleEnemy-Body.blend using Guid(7df968ec880694920bcb46964b9d62a4) Importer(815301076,1909f56bfc062723c751e8b465ee728b)  -> (artifact id: 'd8af9602dfcdfbf2cb4557858db4a334') in 0.222943 seconds 
  Import took 0.227232 seconds .

========================================================================
Received Import Request.
  Time since last request: 1.662245 seconds.
  path: Assets/Models/BobbleEnemy-Head.fbx
  artifactKey: Guid(c62bb7c342d064be783edcee0d6a5064) Importer(815301076,1909f56bfc062723c751e8b465ee728b)
Start importing Assets/Models/BobbleEnemy-Head.fbx using Guid(c62bb7c342d064be783edcee0d6a5064) Importer(815301076,1909f56bfc062723c751e8b465ee728b)  -> (artifact id: '9e7776d293faa8c5b01a9ce528e15699') in 0.089369 seconds 
  Import took 0.093284 seconds .

========================================================================
Received Import Request.
  Time since last request: 0.353525 seconds.
  path: Assets/Models/BobbleMarine-Body.fbx
  artifactKey: Guid(549c60fc23795bd4e9750eb70b9fa863) Importer(815301076,1909f56bfc062723c751e8b465ee728b)
Start importing Assets/Models/BobbleMarine-Body.fbx using Guid(549c60fc23795bd4e9750eb70b9fa863) Importer(815301076,1909f56bfc062723c751e8b465ee728b)  -> (artifact id: '02f2b979dfacc60f9f756b0ea4218ba1') in 0.244070 seconds 
  Import took 0.249156 seconds .

========================================================================
Received Import Request.
  Time since last request: 4.283476 seconds.
  path: Assets/Models/Pickup.fbx
  artifactKey: Guid(596f17f5f6d5a433b9d367360ec103a9) Importer(815301076,1909f56bfc062723c751e8b465ee728b)
Start importing Assets/Models/Pickup.fbx using Guid(596f17f5f6d5a433b9d367360ec103a9) Importer(815301076,1909f56bfc062723c751e8b465ee728b)  -> (artifact id: '5c7fd99e43a4a4a415030bf42bce59fd') in 0.060178 seconds 
  Import took 0.065061 seconds .

========================================================================
Received Import Request.
  Time since last request: 18.714241 seconds.
  path: Assets/Models/BobbleArena-Collider.blend
  artifactKey: Guid(93576df0457ab4d6e83debcd94a50b3b) Importer(815301076,1909f56bfc062723c751e8b465ee728b)
Start importing Assets/Models/BobbleArena-Collider.blend using Guid(93576df0457ab4d6e83debcd94a50b3b) Importer(815301076,1909f56bfc062723c751e8b465ee728b)  -> (artifact id: 'aa65472b86a73273db988413de32ee13') in 0.035862 seconds 
  Import took 0.040543 seconds .

========================================================================
Received Import Request.
  Time since last request: 8.046962 seconds.
  path: Assets/Models/BobbleMarine-Head.fbx
  artifactKey: Guid(0f095ab31c50bb24d93c7fa653490afe) Importer(815301076,1909f56bfc062723c751e8b465ee728b)
Start importing Assets/Models/BobbleMarine-Head.fbx using Guid(0f095ab31c50bb24d93c7fa653490afe) Importer(815301076,1909f56bfc062723c751e8b465ee728b)  -> (artifact id: '1f06fde9eb66807477941f75a9460e92') in 0.109288 seconds 
  Import took 0.113318 seconds .

========================================================================
Received Import Request.
  Time since last request: 12.570246 seconds.
  path: Assets/Models/BobbleArena-Column.blend
  artifactKey: Guid(7efbd8df4f8f248a58d8a33c88abe034) Importer(815301076,1909f56bfc062723c751e8b465ee728b)
Start importing Assets/Models/BobbleArena-Column.blend using Guid(7efbd8df4f8f248a58d8a33c88abe034) Importer(815301076,1909f56bfc062723c751e8b465ee728b)  -> (artifact id: '44546929657cf0bcc879db928af8de0e') in 0.080160 seconds 
  Import took 0.083999 seconds .

AssetImportWorkerClient::OnTransportError - code=2 error=End of file
